{"C:\\Users\\lmudalia\\my-dogbreed-app\\src\\dog.service.js": {"path":"C:\\Users\\lmudalia\\my-dogbreed-app\\src\\dog.service.js","statementMap":{"0":{"start":{"line":4,"column":2},"end":{"line":4,"column":58}},"1":{"start":{"line":8,"column":2},"end":{"line":10,"column":4}},"2":{"start":{"line":14,"column":2},"end":{"line":16,"column":4}},"3":{"start":{"line":19,"column":2},"end":{"line":19,"column":75}},"4":{"start":{"line":23,"column":2},"end":{"line":23,"column":66}}},"fnMap":{"0":{"name":"getAllBreeds","decl":{"start":{"line":3,"column":16},"end":{"line":3,"column":28}},"loc":{"start":{"line":3,"column":31},"end":{"line":5,"column":1}},"line":3},"1":{"name":"getDogImage","decl":{"start":{"line":7,"column":16},"end":{"line":7,"column":27}},"loc":{"start":{"line":7,"column":41},"end":{"line":11,"column":1}},"line":7},"2":{"name":"getSubDogImage","decl":{"start":{"line":13,"column":16},"end":{"line":13,"column":30}},"loc":{"start":{"line":13,"column":49},"end":{"line":17,"column":1}},"line":13},"3":{"name":"getRandomDogImage","decl":{"start":{"line":18,"column":16},"end":{"line":18,"column":33}},"loc":{"start":{"line":18,"column":40},"end":{"line":20,"column":1}},"line":18},"4":{"name":"getSubList","decl":{"start":{"line":22,"column":16},"end":{"line":22,"column":26}},"loc":{"start":{"line":22,"column":33},"end":{"line":24,"column":1}},"line":22}},"branchMap":{},"s":{"0":1,"1":1,"2":1,"3":1,"4":1},"f":{"0":1,"1":1,"2":1,"3":1,"4":1},"b":{},"_coverageSchema":"43e27e138ebf9cfc5966b082cf9a028302ed4184","hash":"a2afc3c874f1fbb7855240ed07fcace6245fb9f9"}
,"C:\\Users\\lmudalia\\my-dogbreed-app\\src\\components\\PageNotFound.vue": {"path":"C:\\Users\\lmudalia\\my-dogbreed-app\\src\\components\\PageNotFound.vue","statementMap":{"0":{"start":{"line":12,"column":0},"end":{"line":12,"column":null}}},"fnMap":{"0":{"name":"(anonymous_1)","decl":{"start":{"line":11,"column":0},"end":{"line":11,"column":null}},"loc":{"start":{"line":11,"column":0},"end":{"line":15,"column":null}}}},"branchMap":{},"s":{"0":2},"f":{"0":2},"b":{}}
,"C:\\Users\\lmudalia\\my-dogbreed-app\\src\\components\\Search.vue": {"path":"C:\\Users\\lmudalia\\my-dogbreed-app\\src\\components\\Search.vue","statementMap":{"0":{"start":{"line":54,"column":0},"end":{"line":54,"column":null}},"1":{"start":{"line":60,"column":0},"end":{"line":60,"column":null}},"2":{"start":{"line":71,"column":0},"end":{"line":71,"column":null}},"3":{"start":{"line":82,"column":0},"end":{"line":86,"column":null}},"4":{"start":{"line":83,"column":0},"end":{"line":83,"column":null}},"5":{"start":{"line":85,"column":0},"end":{"line":85,"column":null}},"6":{"start":{"line":94,"column":0},"end":{"line":114,"column":null}},"7":{"start":{"line":103,"column":0},"end":{"line":103,"column":null}},"8":{"start":{"line":113,"column":0},"end":{"line":113,"column":null}}},"fnMap":{"0":{"name":"(anonymous_1)","decl":{"start":{"line":59,"column":0},"end":{"line":59,"column":null}},"loc":{"start":{"line":59,"column":0},"end":{"line":68,"column":null}}},"1":{"name":"(anonymous_2)","decl":{"start":{"line":69,"column":0},"end":{"line":69,"column":null}},"loc":{"start":{"line":69,"column":0},"end":{"line":73,"column":null}}},"2":{"name":"(anonymous_3)","decl":{"start":{"line":81,"column":0},"end":{"line":81,"column":null}},"loc":{"start":{"line":81,"column":0},"end":{"line":87,"column":null}}},"3":{"name":"(anonymous_4)","decl":{"start":{"line":92,"column":0},"end":{"line":92,"column":null}},"loc":{"start":{"line":92,"column":0},"end":{"line":115,"column":null}}}},"branchMap":{"0":{"loc":{"start":{"line":82,"column":0},"end":{"line":86,"column":null}},"type":"if","locations":[{"start":{"line":82,"column":0},"end":{"line":86,"column":null}},{"start":{"line":82,"column":0},"end":{"line":86,"column":null}}]},"1":{"loc":{"start":{"line":94,"column":0},"end":{"line":114,"column":null}},"type":"if","locations":[{"start":{"line":94,"column":0},"end":{"line":114,"column":null}},{"start":{"line":94,"column":0},"end":{"line":114,"column":null}}]},"2":{"loc":{"start":{"line":94,"column":0},"end":{"line":94,"column":null}},"type":"binary-expr","locations":[{"start":{"line":94,"column":0},"end":{"line":94,"column":null}},{"start":{"line":94,"column":0},"end":{"line":94,"column":null}},{"start":{"line":94,"column":0},"end":{"line":94,"column":null}}]}},"s":{"0":2,"1":7,"2":7,"3":5,"4":4,"5":1,"6":2,"7":1,"8":1},"f":{"0":7,"1":7,"2":5,"3":2},"b":{"0":[4,1],"1":[1,1],"2":[2,2,1]}}
,"C:\\Users\\lmudalia\\my-dogbreed-app\\src\\router\\index.js": {"path":"C:\\Users\\lmudalia\\my-dogbreed-app\\src\\router\\index.js","statementMap":{"0":{"start":{"line":6,"column":0},"end":{"line":6,"column":19}},"1":{"start":{"line":8,"column":15},"end":{"line":30,"column":1}},"2":{"start":{"line":32,"column":15},"end":{"line":35,"column":2}}},"fnMap":{},"branchMap":{},"s":{"0":1,"1":1,"2":1},"f":{},"b":{},"_coverageSchema":"43e27e138ebf9cfc5966b082cf9a028302ed4184","hash":"feaf1e583f008f22e7abda5c458dd31e9ed1cbcc"}
,"C:\\Users\\lmudalia\\my-dogbreed-app\\src\\store\\index.js": {"path":"C:\\Users\\lmudalia\\my-dogbreed-app\\src\\store\\index.js","statementMap":{"0":{"start":{"line":9,"column":14},"end":{"line":13,"column":1}},"1":{"start":{"line":14,"column":18},"end":{"line":30,"column":1}},"2":{"start":{"line":16,"column":4},"end":{"line":16,"column":32}},"3":{"start":{"line":20,"column":4},"end":{"line":20,"column":30}},"4":{"start":{"line":24,"column":4},"end":{"line":24,"column":30}},"5":{"start":{"line":28,"column":4},"end":{"line":28,"column":42}},"6":{"start":{"line":31,"column":16},"end":{"line":68,"column":1}},"7":{"start":{"line":33,"column":16},"end":{"line":33,"column":36}},"8":{"start":{"line":34,"column":23},"end":{"line":34,"column":42}},"9":{"start":{"line":35,"column":4},"end":{"line":35,"column":46}},"10":{"start":{"line":39,"column":16},"end":{"line":39,"column":62}},"11":{"start":{"line":40,"column":19},"end":{"line":40,"column":38}},"12":{"start":{"line":41,"column":4},"end":{"line":41,"column":39}},"13":{"start":{"line":45,"column":16},"end":{"line":49,"column":5}},"14":{"start":{"line":50,"column":19},"end":{"line":50,"column":38}},"15":{"start":{"line":51,"column":4},"end":{"line":51,"column":42}},"16":{"start":{"line":54,"column":16},"end":{"line":54,"column":48}},"17":{"start":{"line":55,"column":19},"end":{"line":55,"column":38}},"18":{"start":{"line":56,"column":4},"end":{"line":56,"column":39}},"19":{"start":{"line":69,"column":16},"end":{"line":73,"column":1}},"20":{"start":{"line":70,"column":30},"end":{"line":70,"column":50}},"21":{"start":{"line":71,"column":25},"end":{"line":71,"column":40}},"22":{"start":{"line":72,"column":24},"end":{"line":72,"column":38}}},"fnMap":{"0":{"name":"(anonymous_0)","decl":{"start":{"line":15,"column":2},"end":{"line":15,"column":3}},"loc":{"start":{"line":15,"column":34},"end":{"line":17,"column":3}},"line":15},"1":{"name":"(anonymous_1)","decl":{"start":{"line":19,"column":2},"end":{"line":19,"column":3}},"loc":{"start":{"line":19,"column":30},"end":{"line":21,"column":3}},"line":19},"2":{"name":"(anonymous_2)","decl":{"start":{"line":23,"column":2},"end":{"line":23,"column":3}},"loc":{"start":{"line":23,"column":33},"end":{"line":25,"column":3}},"line":23},"3":{"name":"(anonymous_3)","decl":{"start":{"line":27,"column":2},"end":{"line":27,"column":3}},"loc":{"start":{"line":27,"column":36},"end":{"line":29,"column":3}},"line":27},"4":{"name":"(anonymous_4)","decl":{"start":{"line":32,"column":2},"end":{"line":32,"column":3}},"loc":{"start":{"line":32,"column":34},"end":{"line":36,"column":3}},"line":32},"5":{"name":"(anonymous_5)","decl":{"start":{"line":38,"column":2},"end":{"line":38,"column":3}},"loc":{"start":{"line":38,"column":37},"end":{"line":42,"column":3}},"line":38},"6":{"name":"(anonymous_6)","decl":{"start":{"line":44,"column":2},"end":{"line":44,"column":3}},"loc":{"start":{"line":44,"column":40},"end":{"line":52,"column":3}},"line":44},"7":{"name":"(anonymous_7)","decl":{"start":{"line":53,"column":2},"end":{"line":53,"column":3}},"loc":{"start":{"line":53,"column":39},"end":{"line":57,"column":3}},"line":53},"8":{"name":"(anonymous_8)","decl":{"start":{"line":70,"column":21},"end":{"line":70,"column":22}},"loc":{"start":{"line":70,"column":30},"end":{"line":70,"column":50}},"line":70},"9":{"name":"(anonymous_9)","decl":{"start":{"line":71,"column":16},"end":{"line":71,"column":17}},"loc":{"start":{"line":71,"column":25},"end":{"line":71,"column":40}},"line":71},"10":{"name":"(anonymous_10)","decl":{"start":{"line":72,"column":15},"end":{"line":72,"column":16}},"loc":{"start":{"line":72,"column":24},"end":{"line":72,"column":38}},"line":72}},"branchMap":{},"s":{"0":2,"1":2,"2":1,"3":1,"4":1,"5":1,"6":2,"7":1,"8":1,"9":1,"10":1,"11":1,"12":1,"13":1,"14":1,"15":1,"16":1,"17":1,"18":1,"19":2,"20":1,"21":1,"22":1},"f":{"0":1,"1":1,"2":1,"3":1,"4":1,"5":1,"6":1,"7":1,"8":1,"9":1,"10":1},"b":{},"_coverageSchema":"43e27e138ebf9cfc5966b082cf9a028302ed4184","hash":"66282e5a6db118acedee58cf180bc87afd825668"}
,"C:\\Users\\lmudalia\\my-dogbreed-app\\src\\views\\DogImages.vue": {"path":"C:\\Users\\lmudalia\\my-dogbreed-app\\src\\views\\DogImages.vue","statementMap":{"0":{"start":{"line":18,"column":0},"end":{"line":18,"column":null}}},"fnMap":{"0":{"name":"(anonymous_1)","decl":{"start":{"line":17,"column":0},"end":{"line":17,"column":null}},"loc":{"start":{"line":17,"column":0},"end":{"line":19,"column":null}}}},"branchMap":{},"s":{"0":1},"f":{"0":1},"b":{}}
,"C:\\Users\\lmudalia\\my-dogbreed-app\\src\\views\\Home.vue": {"path":"C:\\Users\\lmudalia\\my-dogbreed-app\\src\\views\\Home.vue","statementMap":{"0":{"start":{"line":40,"column":0},"end":{"line":40,"column":null}},"1":{"start":{"line":41,"column":0},"end":{"line":41,"column":null}},"2":{"start":{"line":49,"column":0},"end":{"line":49,"column":null}},"3":{"start":{"line":63,"column":0},"end":{"line":63,"column":null}},"4":{"start":{"line":77,"column":0},"end":{"line":77,"column":null}},"5":{"start":{"line":78,"column":0},"end":{"line":78,"column":null}},"6":{"start":{"line":79,"column":0},"end":{"line":79,"column":null}},"7":{"start":{"line":80,"column":0},"end":{"line":87,"column":null}},"8":{"start":{"line":81,"column":0},"end":{"line":81,"column":null}},"9":{"start":{"line":82,"column":0},"end":{"line":82,"column":null}},"10":{"start":{"line":84,"column":0},"end":{"line":84,"column":null}},"11":{"start":{"line":85,"column":0},"end":{"line":85,"column":null}},"12":{"start":{"line":86,"column":0},"end":{"line":86,"column":null}},"13":{"start":{"line":90,"column":0},"end":{"line":105,"column":null}},"14":{"start":{"line":91,"column":0},"end":{"line":91,"column":null}},"15":{"start":{"line":95,"column":0},"end":{"line":95,"column":null}},"16":{"start":{"line":96,"column":0},"end":{"line":105,"column":null}},"17":{"start":{"line":97,"column":0},"end":{"line":97,"column":null}},"18":{"start":{"line":102,"column":0},"end":{"line":102,"column":null}},"19":{"start":{"line":104,"column":0},"end":{"line":104,"column":null}},"20":{"start":{"line":108,"column":0},"end":{"line":108,"column":null}},"21":{"start":{"line":109,"column":0},"end":{"line":109,"column":null}}},"fnMap":{"0":{"name":"(anonymous_1)","decl":{"start":{"line":48,"column":0},"end":{"line":48,"column":null}},"loc":{"start":{"line":48,"column":0},"end":{"line":60,"column":null}}},"1":{"name":"(anonymous_2)","decl":{"start":{"line":61,"column":0},"end":{"line":61,"column":null}},"loc":{"start":{"line":61,"column":0},"end":{"line":64,"column":null}}},"2":{"name":"(anonymous_3)","decl":{"start":{"line":75,"column":0},"end":{"line":75,"column":null}},"loc":{"start":{"line":75,"column":0},"end":{"line":88,"column":null}}},"3":{"name":"(anonymous_4)","decl":{"start":{"line":89,"column":0},"end":{"line":89,"column":null}},"loc":{"start":{"line":89,"column":0},"end":{"line":106,"column":null}}},"4":{"name":"(anonymous_5)","decl":{"start":{"line":107,"column":0},"end":{"line":107,"column":null}},"loc":{"start":{"line":107,"column":0},"end":{"line":110,"column":null}}}},"branchMap":{"0":{"loc":{"start":{"line":80,"column":0},"end":{"line":87,"column":null}},"type":"if","locations":[{"start":{"line":80,"column":0},"end":{"line":87,"column":null}},{"start":{"line":80,"column":0},"end":{"line":87,"column":null}}]},"1":{"loc":{"start":{"line":90,"column":0},"end":{"line":105,"column":null}},"type":"if","locations":[{"start":{"line":90,"column":0},"end":{"line":105,"column":null}},{"start":{"line":90,"column":0},"end":{"line":105,"column":null}}]},"2":{"loc":{"start":{"line":90,"column":0},"end":{"line":90,"column":null}},"type":"binary-expr","locations":[{"start":{"line":90,"column":0},"end":{"line":90,"column":null}},{"start":{"line":90,"column":0},"end":{"line":90,"column":null}}]},"3":{"loc":{"start":{"line":96,"column":0},"end":{"line":105,"column":null}},"type":"if","locations":[{"start":{"line":96,"column":0},"end":{"line":105,"column":null}},{"start":{"line":96,"column":0},"end":{"line":105,"column":null}}]},"4":{"loc":{"start":{"line":96,"column":0},"end":{"line":96,"column":null}},"type":"binary-expr","locations":[{"start":{"line":96,"column":0},"end":{"line":96,"column":null}},{"start":{"line":96,"column":0},"end":{"line":96,"column":null}}]}},"s":{"0":2,"1":2,"2":13,"3":13,"4":2,"5":2,"6":2,"7":2,"8":1,"9":1,"10":1,"11":1,"12":1,"13":2,"14":1,"15":1,"16":1,"17":1,"18":1,"19":0,"20":0,"21":0},"f":{"0":13,"1":13,"2":2,"3":2,"4":0},"b":{"0":[1,1],"1":[1,1],"2":[2,2],"3":[1,0],"4":[1,1]}}
,"C:\\Users\\lmudalia\\my-dogbreed-app\\tests\\unit\\testing_data.js": {"path":"C:\\Users\\lmudalia\\my-dogbreed-app\\tests\\unit\\testing_data.js","statementMap":{"0":{"start":{"line":1,"column":25},"end":{"line":7,"column":1}},"1":{"start":{"line":10,"column":24},"end":{"line":21,"column":1}},"2":{"start":{"line":23,"column":32},"end":{"line":28,"column":1}},"3":{"start":{"line":31,"column":2},"end":{"line":31,"column":60}},"4":{"start":{"line":33,"column":24},"end":{"line":38,"column":1}},"5":{"start":{"line":40,"column":30},"end":{"line":45,"column":1}}},"fnMap":{},"branchMap":{},"s":{"0":3,"1":3,"2":3,"3":3,"4":3,"5":3},"f":{},"b":{},"_coverageSchema":"43e27e138ebf9cfc5966b082cf9a028302ed4184","hash":"b9464560955bbd4a9c732364629ed1a22fef1edd"}
}
