{"C:\\Users\\lmudalia\\my-dogbreed-app\\src\\dog.service.js": {"path":"C:\\Users\\lmudalia\\my-dogbreed-app\\src\\dog.service.js","statementMap":{"0":{"start":{"line":4,"column":4},"end":{"line":4,"column":60}},"1":{"start":{"line":8,"column":4},"end":{"line":8,"column":82}},"2":{"start":{"line":12,"column":4},"end":{"line":12,"column":92}},"3":{"start":{"line":15,"column":4},"end":{"line":15,"column":74}},"4":{"start":{"line":19,"column":4},"end":{"line":19,"column":65}}},"fnMap":{"0":{"name":"getAllBreeds","decl":{"start":{"line":3,"column":16},"end":{"line":3,"column":28}},"loc":{"start":{"line":3,"column":30},"end":{"line":5,"column":1}},"line":3},"1":{"name":"getDogImage","decl":{"start":{"line":7,"column":16},"end":{"line":7,"column":27}},"loc":{"start":{"line":7,"column":39},"end":{"line":9,"column":1}},"line":7},"2":{"name":"getSubDogImage","decl":{"start":{"line":11,"column":16},"end":{"line":11,"column":30}},"loc":{"start":{"line":11,"column":46},"end":{"line":13,"column":1}},"line":11},"3":{"name":"getRandomDogImage","decl":{"start":{"line":14,"column":16},"end":{"line":14,"column":33}},"loc":{"start":{"line":14,"column":39},"end":{"line":16,"column":1}},"line":14},"4":{"name":"getSubList","decl":{"start":{"line":18,"column":16},"end":{"line":18,"column":26}},"loc":{"start":{"line":18,"column":32},"end":{"line":20,"column":1}},"line":18}},"branchMap":{},"s":{"0":0,"1":0,"2":0,"3":0,"4":0},"f":{"0":0,"1":0,"2":0,"3":0,"4":0},"b":{},"hash":"bee5706dd53fd7ed1ccfd8c6f474e9f4f769fa82"}
,"C:\\Users\\lmudalia\\my-dogbreed-app\\src\\router\\index.js": {"path":"C:\\Users\\lmudalia\\my-dogbreed-app\\src\\router\\index.js","statementMap":{"0":{"start":{"line":5,"column":0},"end":{"line":5,"column":19}},"1":{"start":{"line":7,"column":15},"end":{"line":25,"column":1}},"2":{"start":{"line":17,"column":6},"end":{"line":17,"column":67}},"3":{"start":{"line":23,"column":6},"end":{"line":23,"column":80}},"4":{"start":{"line":27,"column":15},"end":{"line":29,"column":2}}},"fnMap":{"0":{"name":"(anonymous_0)","decl":{"start":{"line":16,"column":15},"end":{"line":16,"column":16}},"loc":{"start":{"line":17,"column":6},"end":{"line":17,"column":67}},"line":17},"1":{"name":"(anonymous_1)","decl":{"start":{"line":22,"column":15},"end":{"line":22,"column":16}},"loc":{"start":{"line":23,"column":6},"end":{"line":23,"column":80}},"line":23}},"branchMap":{},"s":{"0":0,"1":0,"2":0,"3":0,"4":0},"f":{"0":0,"1":0},"b":{},"hash":"add9bfadc513ede158c236b47a9039db3c57e7f4"}
,"C:\\Users\\lmudalia\\my-dogbreed-app\\src\\store\\index.js": {"path":"C:\\Users\\lmudalia\\my-dogbreed-app\\src\\store\\index.js","statementMap":{"0":{"start":{"line":5,"column":0},"end":{"line":5,"column":14}},"1":{"start":{"line":17,"column":8},"end":{"line":17,"column":36}},"2":{"start":{"line":21,"column":8},"end":{"line":21,"column":34}},"3":{"start":{"line":25,"column":6},"end":{"line":25,"column":32}},"4":{"start":{"line":29,"column":8},"end":{"line":29,"column":46}},"5":{"start":{"line":35,"column":16},"end":{"line":35,"column":36}},"6":{"start":{"line":36,"column":25},"end":{"line":36,"column":44}},"7":{"start":{"line":37,"column":6},"end":{"line":37,"column":46}},"8":{"start":{"line":41,"column":16},"end":{"line":41,"column":63}},"9":{"start":{"line":42,"column":19},"end":{"line":42,"column":38}},"10":{"start":{"line":43,"column":6},"end":{"line":43,"column":39}},"11":{"start":{"line":47,"column":14},"end":{"line":47,"column":80}},"12":{"start":{"line":48,"column":17},"end":{"line":48,"column":36}},"13":{"start":{"line":49,"column":4},"end":{"line":49,"column":40}},"14":{"start":{"line":52,"column":19},"end":{"line":52,"column":51}},"15":{"start":{"line":53,"column":21},"end":{"line":53,"column":40}},"16":{"start":{"line":54,"column":8},"end":{"line":54,"column":43}},"17":{"start":{"line":60,"column":32},"end":{"line":60,"column":52}},"18":{"start":{"line":61,"column":27},"end":{"line":61,"column":42}},"19":{"start":{"line":62,"column":26},"end":{"line":62,"column":40}}},"fnMap":{"0":{"name":"(anonymous_0)","decl":{"start":{"line":16,"column":6},"end":{"line":16,"column":7}},"loc":{"start":{"line":16,"column":37},"end":{"line":18,"column":5}},"line":16},"1":{"name":"(anonymous_1)","decl":{"start":{"line":20,"column":6},"end":{"line":20,"column":7}},"loc":{"start":{"line":20,"column":33},"end":{"line":22,"column":5}},"line":20},"2":{"name":"(anonymous_2)","decl":{"start":{"line":24,"column":4},"end":{"line":24,"column":5}},"loc":{"start":{"line":24,"column":33},"end":{"line":26,"column":5}},"line":24},"3":{"name":"(anonymous_3)","decl":{"start":{"line":28,"column":6},"end":{"line":28,"column":7}},"loc":{"start":{"line":28,"column":39},"end":{"line":30,"column":7}},"line":28},"4":{"name":"(anonymous_4)","decl":{"start":{"line":34,"column":4},"end":{"line":34,"column":5}},"loc":{"start":{"line":34,"column":37},"end":{"line":38,"column":5}},"line":34},"5":{"name":"(anonymous_5)","decl":{"start":{"line":40,"column":4},"end":{"line":40,"column":5}},"loc":{"start":{"line":40,"column":38},"end":{"line":44,"column":3}},"line":40},"6":{"name":"(anonymous_6)","decl":{"start":{"line":46,"column":2},"end":{"line":46,"column":3}},"loc":{"start":{"line":46,"column":39},"end":{"line":50,"column":1}},"line":46},"7":{"name":"(anonymous_7)","decl":{"start":{"line":51,"column":4},"end":{"line":51,"column":5}},"loc":{"start":{"line":51,"column":40},"end":{"line":55,"column":7}},"line":51},"8":{"name":"(anonymous_8)","decl":{"start":{"line":60,"column":23},"end":{"line":60,"column":24}},"loc":{"start":{"line":60,"column":32},"end":{"line":60,"column":52}},"line":60},"9":{"name":"(anonymous_9)","decl":{"start":{"line":61,"column":18},"end":{"line":61,"column":19}},"loc":{"start":{"line":61,"column":27},"end":{"line":61,"column":42}},"line":61},"10":{"name":"(anonymous_10)","decl":{"start":{"line":62,"column":17},"end":{"line":62,"column":18}},"loc":{"start":{"line":62,"column":26},"end":{"line":62,"column":40}},"line":62}},"branchMap":{},"s":{"0":0,"1":0,"2":0,"3":0,"4":0,"5":0,"6":0,"7":0,"8":0,"9":0,"10":0,"11":0,"12":0,"13":0,"14":0,"15":0,"16":0,"17":0,"18":0,"19":0},"f":{"0":0,"1":0,"2":0,"3":0,"4":0,"5":0,"6":0,"7":0,"8":0,"9":0,"10":0},"b":{},"hash":"bec8f0455a1d27884d432976db6abb25398d6232"}
,"C:\\Users\\lmudalia\\my-dogbreed-app\\src\\views\\Home.vue": {"path":"C:\\Users\\lmudalia\\my-dogbreed-app\\src\\views\\Home.vue","statementMap":{"0":{"start":{"line":1,"column":1},"end":{"line":128,"column":4}},"1":{"start":{"line":4,"column":29},"end":{"line":4,"column":131}},"2":{"start":{"line":6,"column":0},"end":{"line":8,"column":3}},"3":{"start":{"line":9,"column":0},"end":{"line":9,"column":25}},"4":{"start":{"line":11,"column":14},"end":{"line":11,"column":61}},"5":{"start":{"line":13,"column":12},"end":{"line":13,"column":27}},"6":{"start":{"line":50,"column":15},"end":{"line":126,"column":1}},"7":{"start":{"line":57,"column":4},"end":{"line":65,"column":6}},"8":{"start":{"line":69,"column":4},"end":{"line":69,"column":18}},"9":{"start":{"line":81,"column":6},"end":{"line":81,"column":49}},"10":{"start":{"line":85,"column":6},"end":{"line":85,"column":38}},"11":{"start":{"line":86,"column":6},"end":{"line":86,"column":52}},"12":{"start":{"line":87,"column":16},"end":{"line":87,"column":31}},"13":{"start":{"line":89,"column":6},"end":{"line":96,"column":7}},"14":{"start":{"line":90,"column":8},"end":{"line":90,"column":25}},"15":{"start":{"line":91,"column":8},"end":{"line":91,"column":24}},"16":{"start":{"line":93,"column":8},"end":{"line":93,"column":26}},"17":{"start":{"line":94,"column":8},"end":{"line":94,"column":31}},"18":{"start":{"line":95,"column":8},"end":{"line":95,"column":24}},"19":{"start":{"line":100,"column":6},"end":{"line":117,"column":7}},"20":{"start":{"line":101,"column":8},"end":{"line":106,"column":11}},"21":{"start":{"line":107,"column":8},"end":{"line":107,"column":27}},"22":{"start":{"line":108,"column":13},"end":{"line":117,"column":7}},"23":{"start":{"line":109,"column":8},"end":{"line":113,"column":11}},"24":{"start":{"line":114,"column":8},"end":{"line":114,"column":27}},"25":{"start":{"line":116,"column":8},"end":{"line":116,"column":43}},"26":{"start":{"line":121,"column":6},"end":{"line":121,"column":23}},"27":{"start":{"line":122,"column":6},"end":{"line":122,"column":22}},"28":{"start":{"line":127,"column":0},"end":{"line":127,"column":27}},"29":{"start":{"line":129,"column":20},"end":{"line":129,"column":89}},"30":{"start":{"line":129,"column":114},"end":{"line":129,"column":187}},"31":{"start":{"line":130,"column":0},"end":{"line":130,"column":2017}},"32":{"start":{"line":130,"column":54},"end":{"line":130,"column":58}},"33":{"start":{"line":130,"column":66},"end":{"line":130,"column":84}},"34":{"start":{"line":130,"column":92},"end":{"line":130,"column":108}},"35":{"start":{"line":130,"column":109},"end":{"line":130,"column":2016}},"36":{"start":{"line":130,"column":499},"end":{"line":130,"column":654}},"37":{"start":{"line":130,"column":561},"end":{"line":130,"column":578}},"38":{"start":{"line":130,"column":607},"end":{"line":130,"column":641}},"39":{"start":{"line":130,"column":642},"end":{"line":130,"column":652}},"40":{"start":{"line":130,"column":656},"end":{"line":130,"column":731}},"41":{"start":{"line":130,"column":750},"end":{"line":130,"column":769}},"42":{"start":{"line":130,"column":816},"end":{"line":130,"column":871}},"43":{"start":{"line":130,"column":1172},"end":{"line":130,"column":1327}},"44":{"start":{"line":130,"column":1234},"end":{"line":130,"column":1251}},"45":{"start":{"line":130,"column":1280},"end":{"line":130,"column":1314}},"46":{"start":{"line":130,"column":1315},"end":{"line":130,"column":1325}},"47":{"start":{"line":130,"column":1329},"end":{"line":130,"column":1403}},"48":{"start":{"line":130,"column":1438},"end":{"line":130,"column":1492}},"49":{"start":{"line":130,"column":1659},"end":{"line":130,"column":1680}},"50":{"start":{"line":131,"column":0},"end":{"line":131,"column":37}}},"fnMap":{"0":{"name":"(anonymous_0)","decl":{"start":{"line":1,"column":2},"end":{"line":1,"column":3}},"loc":{"start":{"line":1,"column":12},"end":{"line":128,"column":1}},"line":1},"1":{"name":"(anonymous_1)","decl":{"start":{"line":56,"column":2},"end":{"line":56,"column":3}},"loc":{"start":{"line":56,"column":9},"end":{"line":66,"column":3}},"line":56},"2":{"name":"(anonymous_2)","decl":{"start":{"line":68,"column":2},"end":{"line":68,"column":3}},"loc":{"start":{"line":68,"column":12},"end":{"line":70,"column":3}},"line":68},"3":{"name":"(anonymous_3)","decl":{"start":{"line":79,"column":4},"end":{"line":79,"column":5}},"loc":{"start":{"line":79,"column":13},"end":{"line":82,"column":5}},"line":79},"4":{"name":"(anonymous_4)","decl":{"start":{"line":84,"column":4},"end":{"line":84,"column":5}},"loc":{"start":{"line":84,"column":13},"end":{"line":97,"column":5}},"line":84},"5":{"name":"(anonymous_5)","decl":{"start":{"line":99,"column":4},"end":{"line":99,"column":5}},"loc":{"start":{"line":99,"column":15},"end":{"line":118,"column":5}},"line":99},"6":{"name":"(anonymous_6)","decl":{"start":{"line":120,"column":4},"end":{"line":120,"column":5}},"loc":{"start":{"line":120,"column":19},"end":{"line":123,"column":5}},"line":120},"7":{"name":"render","decl":{"start":{"line":130,"column":35},"end":{"line":130,"column":41}},"loc":{"start":{"line":130,"column":45},"end":{"line":130,"column":2017}},"line":130},"8":{"name":"(anonymous_8)","decl":{"start":{"line":130,"column":462},"end":{"line":130,"column":463}},"loc":{"start":{"line":130,"column":478},"end":{"line":130,"column":732}},"line":130},"9":{"name":"(anonymous_9)","decl":{"start":{"line":130,"column":549},"end":{"line":130,"column":550}},"loc":{"start":{"line":130,"column":560},"end":{"line":130,"column":579}},"line":130},"10":{"name":"(anonymous_10)","decl":{"start":{"line":130,"column":585},"end":{"line":130,"column":586}},"loc":{"start":{"line":130,"column":596},"end":{"line":130,"column":653}},"line":130},"11":{"name":"(anonymous_11)","decl":{"start":{"line":130,"column":733},"end":{"line":130,"column":734}},"loc":{"start":{"line":130,"column":749},"end":{"line":130,"column":770}},"line":130},"12":{"name":"(anonymous_12)","decl":{"start":{"line":130,"column":797},"end":{"line":130,"column":798}},"loc":{"start":{"line":130,"column":815},"end":{"line":130,"column":872}},"line":130},"13":{"name":"(anonymous_13)","decl":{"start":{"line":130,"column":1135},"end":{"line":130,"column":1136}},"loc":{"start":{"line":130,"column":1151},"end":{"line":130,"column":1404}},"line":130},"14":{"name":"(anonymous_14)","decl":{"start":{"line":130,"column":1222},"end":{"line":130,"column":1223}},"loc":{"start":{"line":130,"column":1233},"end":{"line":130,"column":1252}},"line":130},"15":{"name":"(anonymous_15)","decl":{"start":{"line":130,"column":1258},"end":{"line":130,"column":1259}},"loc":{"start":{"line":130,"column":1269},"end":{"line":130,"column":1326}},"line":130},"16":{"name":"(anonymous_16)","decl":{"start":{"line":130,"column":1424},"end":{"line":130,"column":1425}},"loc":{"start":{"line":130,"column":1437},"end":{"line":130,"column":1493}},"line":130},"17":{"name":"(anonymous_17)","decl":{"start":{"line":130,"column":1642},"end":{"line":130,"column":1643}},"loc":{"start":{"line":130,"column":1658},"end":{"line":130,"column":1681}},"line":130}},"branchMap":{"0":{"loc":{"start":{"line":89,"column":6},"end":{"line":96,"column":7}},"type":"if","locations":[{"start":{"line":89,"column":6},"end":{"line":96,"column":7}},{"start":{"line":89,"column":6},"end":{"line":96,"column":7}}],"line":89},"1":{"loc":{"start":{"line":100,"column":6},"end":{"line":117,"column":7}},"type":"if","locations":[{"start":{"line":100,"column":6},"end":{"line":117,"column":7}},{"start":{"line":100,"column":6},"end":{"line":117,"column":7}}],"line":100},"2":{"loc":{"start":{"line":100,"column":10},"end":{"line":100,"column":48}},"type":"binary-expr","locations":[{"start":{"line":100,"column":10},"end":{"line":100,"column":27}},{"start":{"line":100,"column":31},"end":{"line":100,"column":48}}],"line":100},"3":{"loc":{"start":{"line":108,"column":13},"end":{"line":117,"column":7}},"type":"if","locations":[{"start":{"line":108,"column":13},"end":{"line":117,"column":7}},{"start":{"line":108,"column":13},"end":{"line":117,"column":7}}],"line":108},"4":{"loc":{"start":{"line":108,"column":17},"end":{"line":108,"column":57}},"type":"binary-expr","locations":[{"start":{"line":108,"column":17},"end":{"line":108,"column":35}},{"start":{"line":108,"column":39},"end":{"line":108,"column":57}}],"line":108},"5":{"loc":{"start":{"line":129,"column":20},"end":{"line":129,"column":89}},"type":"cond-expr","locations":[{"start":{"line":129,"column":50},"end":{"line":129,"column":72}},{"start":{"line":129,"column":75},"end":{"line":129,"column":89}}],"line":129},"6":{"loc":{"start":{"line":129,"column":114},"end":{"line":129,"column":187}},"type":"cond-expr","locations":[{"start":{"line":129,"column":151},"end":{"line":129,"column":172}},{"start":{"line":129,"column":174},"end":{"line":129,"column":187}}],"line":129},"7":{"loc":{"start":{"line":130,"column":92},"end":{"line":130,"column":108}},"type":"binary-expr","locations":[{"start":{"line":130,"column":92},"end":{"line":130,"column":104}},{"start":{"line":130,"column":106},"end":{"line":130,"column":108}}],"line":130},"8":{"loc":{"start":{"line":130,"column":607},"end":{"line":130,"column":641}},"type":"cond-expr","locations":[{"start":{"line":130,"column":623},"end":{"line":130,"column":631}},{"start":{"line":130,"column":634},"end":{"line":130,"column":641}}],"line":130},"9":{"loc":{"start":{"line":130,"column":674},"end":{"line":130,"column":731}},"type":"cond-expr","locations":[{"start":{"line":130,"column":699},"end":{"line":130,"column":712}},{"start":{"line":130,"column":715},"end":{"line":130,"column":731}}],"line":130},"10":{"loc":{"start":{"line":130,"column":889},"end":{"line":130,"column":1508}},"type":"cond-expr","locations":[{"start":{"line":130,"column":900},"end":{"line":130,"column":1499}},{"start":{"line":130,"column":1500},"end":{"line":130,"column":1508}}],"line":130},"11":{"loc":{"start":{"line":130,"column":1280},"end":{"line":130,"column":1314}},"type":"cond-expr","locations":[{"start":{"line":130,"column":1296},"end":{"line":130,"column":1304}},{"start":{"line":130,"column":1307},"end":{"line":130,"column":1314}}],"line":130},"12":{"loc":{"start":{"line":130,"column":1346},"end":{"line":130,"column":1403}},"type":"cond-expr","locations":[{"start":{"line":130,"column":1371},"end":{"line":130,"column":1384}},{"start":{"line":130,"column":1387},"end":{"line":130,"column":1403}}],"line":130},"13":{"loc":{"start":{"line":130,"column":1773},"end":{"line":130,"column":1895}},"type":"cond-expr","locations":[{"start":{"line":130,"column":1786},"end":{"line":130,"column":1886}},{"start":{"line":130,"column":1887},"end":{"line":130,"column":1895}}],"line":130},"14":{"loc":{"start":{"line":130,"column":1908},"end":{"line":130,"column":2012}},"type":"cond-expr","locations":[{"start":{"line":130,"column":1930},"end":{"line":130,"column":2003}},{"start":{"line":130,"column":2004},"end":{"line":130,"column":2012}}],"line":130}},"s":{"0":1,"1":1,"2":1,"3":1,"4":1,"5":1,"6":1,"7":4,"8":4,"9":5,"10":0,"11":0,"12":0,"13":0,"14":0,"15":0,"16":0,"17":0,"18":0,"19":0,"20":0,"21":0,"22":0,"23":0,"24":0,"25":0,"26":0,"27":0,"28":1,"29":1,"30":1,"31":1,"32":4,"33":4,"34":4,"35":4,"36":0,"37":0,"38":0,"39":0,"40":0,"41":0,"42":48,"43":0,"44":0,"45":0,"46":0,"47":0,"48":0,"49":0,"50":1},"f":{"0":1,"1":4,"2":4,"3":5,"4":0,"5":0,"6":0,"7":4,"8":0,"9":0,"10":0,"11":0,"12":48,"13":0,"14":0,"15":0,"16":0,"17":0},"b":{"0":[0,0],"1":[0,0],"2":[0,0],"3":[0,0],"4":[0,0],"5":[1,0],"6":[0,1],"7":[4,0],"8":[0,0],"9":[0,0],"10":[0,4],"11":[0,0],"12":[0,0],"13":[0,4],"14":[4,0]},"_coverageSchema":"43e27e138ebf9cfc5966b082cf9a028302ed4184","hash":"f2192780c61df7ef286f9131426a819da0410c51"}
,"C:\\Users\\lmudalia\\my-dogbreed-app\\src\\views\\Images.vue": {"path":"C:\\Users\\lmudalia\\my-dogbreed-app\\src\\views\\Images.vue","statementMap":{"0":{"start":{"line":19,"column":0},"end":{"line":19,"column":null}}},"fnMap":{"0":{"name":"(anonymous_1)","decl":{"start":{"line":18,"column":0},"end":{"line":18,"column":null}},"loc":{"start":{"line":18,"column":0},"end":{"line":20,"column":null}}}},"branchMap":{},"s":{"0":0},"f":{"0":0},"b":{}}
,"C:\\Users\\lmudalia\\my-dogbreed-app\\src\\views\\Search.vue": {"path":"C:\\Users\\lmudalia\\my-dogbreed-app\\src\\views\\Search.vue","statementMap":{"0":{"start":{"line":35,"column":0},"end":{"line":35,"column":null}},"1":{"start":{"line":36,"column":0},"end":{"line":36,"column":null}},"2":{"start":{"line":37,"column":0},"end":{"line":37,"column":null}},"3":{"start":{"line":42,"column":0},"end":{"line":42,"column":null}},"4":{"start":{"line":52,"column":0},"end":{"line":52,"column":null}},"5":{"start":{"line":64,"column":0},"end":{"line":71,"column":null}},"6":{"start":{"line":65,"column":0},"end":{"line":65,"column":null}},"7":{"start":{"line":66,"column":0},"end":{"line":66,"column":null}},"8":{"start":{"line":69,"column":0},"end":{"line":69,"column":null}},"9":{"start":{"line":79,"column":0},"end":{"line":79,"column":null}},"10":{"start":{"line":83,"column":0},"end":{"line":95,"column":null}},"11":{"start":{"line":84,"column":0},"end":{"line":84,"column":null}},"12":{"start":{"line":86,"column":0},"end":{"line":88,"column":null}},"13":{"start":{"line":87,"column":0},"end":{"line":87,"column":null}},"14":{"start":{"line":89,"column":0},"end":{"line":91,"column":null}},"15":{"start":{"line":90,"column":0},"end":{"line":90,"column":null}},"16":{"start":{"line":94,"column":0},"end":{"line":94,"column":null}}},"fnMap":{"0":{"name":"(anonymous_1)","decl":{"start":{"line":41,"column":0},"end":{"line":41,"column":null}},"loc":{"start":{"line":41,"column":0},"end":{"line":49,"column":null}}},"1":{"name":"(anonymous_2)","decl":{"start":{"line":51,"column":0},"end":{"line":51,"column":null}},"loc":{"start":{"line":51,"column":0},"end":{"line":53,"column":null}}},"2":{"name":"(anonymous_3)","decl":{"start":{"line":63,"column":0},"end":{"line":63,"column":null}},"loc":{"start":{"line":63,"column":0},"end":{"line":72,"column":null}}},"3":{"name":"(anonymous_4)","decl":{"start":{"line":78,"column":0},"end":{"line":78,"column":null}},"loc":{"start":{"line":78,"column":0},"end":{"line":80,"column":null}}},"4":{"name":"(anonymous_5)","decl":{"start":{"line":81,"column":0},"end":{"line":81,"column":null}},"loc":{"start":{"line":81,"column":0},"end":{"line":96,"column":null}}},"5":{"name":"(anonymous_6)","decl":{"start":{"line":86,"column":0},"end":{"line":86,"column":null}},"loc":{"start":{"line":86,"column":0},"end":{"line":88,"column":null}}},"6":{"name":"(anonymous_7)","decl":{"start":{"line":89,"column":0},"end":{"line":89,"column":null}},"loc":{"start":{"line":89,"column":0},"end":{"line":91,"column":null}}}},"branchMap":{"0":{"loc":{"start":{"line":64,"column":0},"end":{"line":71,"column":null}},"type":"if","locations":[{"start":{"line":64,"column":0},"end":{"line":71,"column":null}},{"start":{"line":64,"column":0},"end":{"line":71,"column":null}}]},"1":{"loc":{"start":{"line":83,"column":0},"end":{"line":95,"column":null}},"type":"if","locations":[{"start":{"line":83,"column":0},"end":{"line":95,"column":null}},{"start":{"line":83,"column":0},"end":{"line":95,"column":null}}]},"2":{"loc":{"start":{"line":83,"column":0},"end":{"line":83,"column":null}},"type":"binary-expr","locations":[{"start":{"line":83,"column":0},"end":{"line":83,"column":null}},{"start":{"line":83,"column":0},"end":{"line":83,"column":null}},{"start":{"line":83,"column":0},"end":{"line":83,"column":null}}]}},"s":{"0":0,"1":0,"2":0,"3":0,"4":0,"5":0,"6":0,"7":0,"8":0,"9":0,"10":0,"11":0,"12":0,"13":0,"14":0,"15":0,"16":0},"f":{"0":0,"1":0,"2":0,"3":0,"4":0,"5":0,"6":0},"b":{"0":[0,0],"1":[0,0],"2":[0,0,0]}}
,"C:\\Users\\lmudalia\\my-dogbreed-app\\tests\\unit\\testing_data.js": {"path":"C:\\Users\\lmudalia\\my-dogbreed-app\\tests\\unit\\testing_data.js","statementMap":{"0":{"start":{"line":1,"column":24},"end":{"line":6,"column":1}},"1":{"start":{"line":9,"column":23},"end":{"line":21,"column":1}},"2":{"start":{"line":23,"column":27},"end":{"line":23,"column":85}},"3":{"start":{"line":25,"column":24},"end":{"line":28,"column":2}},"4":{"start":{"line":30,"column":30},"end":{"line":35,"column":1}}},"fnMap":{},"branchMap":{},"s":{"0":0,"1":0,"2":0,"3":0,"4":0},"f":{},"b":{},"hash":"f2c7ad1babbb240f1c17060a851ff6e3914d65b0"}
}
