TN:
SF:C:\Users\lmudalia\my-dogbreed-app\src\dog.service.js
FN:3,getAllBreeds
FN:7,getDogImage
FN:11,getSubDogImage
FN:14,getRandomDogImage
FN:18,getSubList
FNF:5
FNH:0
FNDA:0,getAllBreeds
FNDA:0,getDogImage
FNDA:0,getSubDogImage
FNDA:0,getRandomDogImage
FNDA:0,getSubList
DA:4,0
DA:8,0
DA:12,0
DA:15,0
DA:19,0
LF:5
LH:0
BRF:0
BRH:0
end_of_record
TN:
SF:C:\Users\lmudalia\my-dogbreed-app\src\router\index.js
FN:16,(anonymous_0)
FN:22,(anonymous_1)
FNF:2
FNH:0
FNDA:0,(anonymous_0)
FNDA:0,(anonymous_1)
DA:5,0
DA:7,0
DA:17,0
DA:23,0
DA:27,0
LF:5
LH:0
BRF:0
BRH:0
end_of_record
TN:
SF:C:\Users\lmudalia\my-dogbreed-app\src\store\index.js
FN:16,(anonymous_0)
FN:20,(anonymous_1)
FN:24,(anonymous_2)
FN:28,(anonymous_3)
FN:34,(anonymous_4)
FN:40,(anonymous_5)
FN:46,(anonymous_6)
FN:51,(anonymous_7)
FN:60,(anonymous_8)
FN:61,(anonymous_9)
FN:62,(anonymous_10)
FNF:11
FNH:0
FNDA:0,(anonymous_0)
FNDA:0,(anonymous_1)
FNDA:0,(anonymous_2)
FNDA:0,(anonymous_3)
FNDA:0,(anonymous_4)
FNDA:0,(anonymous_5)
FNDA:0,(anonymous_6)
FNDA:0,(anonymous_7)
FNDA:0,(anonymous_8)
FNDA:0,(anonymous_9)
FNDA:0,(anonymous_10)
DA:5,0
DA:17,0
DA:21,0
DA:25,0
DA:29,0
DA:35,0
DA:36,0
DA:37,0
DA:41,0
DA:42,0
DA:43,0
DA:47,0
DA:48,0
DA:49,0
DA:52,0
DA:53,0
DA:54,0
DA:60,0
DA:61,0
DA:62,0
LF:20
LH:0
BRF:0
BRH:0
end_of_record
TN:
SF:C:\Users\lmudalia\my-dogbreed-app\src\views\Home.vue
FN:1,(anonymous_0)
FN:56,(anonymous_1)
FN:68,(anonymous_2)
FN:79,(anonymous_3)
FN:84,(anonymous_4)
FN:99,(anonymous_5)
FN:120,(anonymous_6)
FN:130,render
FN:130,(anonymous_8)
FN:130,(anonymous_9)
FN:130,(anonymous_10)
FN:130,(anonymous_11)
FN:130,(anonymous_12)
FN:130,(anonymous_13)
FN:130,(anonymous_14)
FN:130,(anonymous_15)
FN:130,(anonymous_16)
FN:130,(anonymous_17)
FNF:18
FNH:6
FNDA:1,(anonymous_0)
FNDA:4,(anonymous_1)
FNDA:4,(anonymous_2)
FNDA:5,(anonymous_3)
FNDA:0,(anonymous_4)
FNDA:0,(anonymous_5)
FNDA:0,(anonymous_6)
FNDA:4,render
FNDA:0,(anonymous_8)
FNDA:0,(anonymous_9)
FNDA:0,(anonymous_10)
FNDA:0,(anonymous_11)
FNDA:48,(anonymous_12)
FNDA:0,(anonymous_13)
FNDA:0,(anonymous_14)
FNDA:0,(anonymous_15)
FNDA:0,(anonymous_16)
FNDA:0,(anonymous_17)
DA:1,1
DA:4,1
DA:6,1
DA:9,1
DA:11,1
DA:13,1
DA:50,1
DA:57,4
DA:69,4
DA:81,5
DA:85,0
DA:86,0
DA:87,0
DA:89,0
DA:90,0
DA:91,0
DA:93,0
DA:94,0
DA:95,0
DA:100,0
DA:101,0
DA:107,0
DA:108,0
DA:109,0
DA:114,0
DA:116,0
DA:121,0
DA:122,0
DA:127,1
DA:129,1
DA:130,48
DA:131,1
LF:32
LH:14
BRDA:89,0,0,0
BRDA:89,0,1,0
BRDA:100,1,0,0
BRDA:100,1,1,0
BRDA:100,2,0,0
BRDA:100,2,1,0
BRDA:108,3,0,0
BRDA:108,3,1,0
BRDA:108,4,0,0
BRDA:108,4,1,0
BRDA:129,5,0,1
BRDA:129,5,1,0
BRDA:129,6,0,0
BRDA:129,6,1,1
BRDA:130,7,0,4
BRDA:130,7,1,0
BRDA:130,8,0,0
BRDA:130,8,1,0
BRDA:130,9,0,0
BRDA:130,9,1,0
BRDA:130,10,0,0
BRDA:130,10,1,4
BRDA:130,11,0,0
BRDA:130,11,1,0
BRDA:130,12,0,0
BRDA:130,12,1,0
BRDA:130,13,0,0
BRDA:130,13,1,4
BRDA:130,14,0,4
BRDA:130,14,1,0
BRF:30
BRH:6
end_of_record
TN:
SF:C:\Users\lmudalia\my-dogbreed-app\src\views\Images.vue
FN:18,(anonymous_1)
FNF:1
FNH:0
FNDA:0,(anonymous_1)
DA:19,0
LF:1
LH:0
BRF:0
BRH:0
end_of_record
TN:
SF:C:\Users\lmudalia\my-dogbreed-app\src\views\Search.vue
FN:41,(anonymous_1)
FN:51,(anonymous_2)
FN:63,(anonymous_3)
FN:78,(anonymous_4)
FN:81,(anonymous_5)
FN:86,(anonymous_6)
FN:89,(anonymous_7)
FNF:7
FNH:0
FNDA:0,(anonymous_1)
FNDA:0,(anonymous_2)
FNDA:0,(anonymous_3)
FNDA:0,(anonymous_4)
FNDA:0,(anonymous_5)
FNDA:0,(anonymous_6)
FNDA:0,(anonymous_7)
DA:35,0
DA:36,0
DA:37,0
DA:42,0
DA:52,0
DA:64,0
DA:65,0
DA:66,0
DA:69,0
DA:79,0
DA:83,0
DA:84,0
DA:86,0
DA:87,0
DA:89,0
DA:90,0
DA:94,0
LF:17
LH:0
BRDA:64,0,0,0
BRDA:64,0,1,0
BRDA:83,1,0,0
BRDA:83,1,1,0
BRDA:83,2,0,0
BRDA:83,2,1,0
BRDA:83,2,2,0
BRF:7
BRH:0
end_of_record
TN:
SF:C:\Users\lmudalia\my-dogbreed-app\tests\unit\testing_data.js
FNF:0
FNH:0
DA:1,0
DA:9,0
DA:23,0
DA:25,0
DA:30,0
LF:5
LH:0
BRF:0
BRH:0
end_of_record
