TN:
SF:C:\Users\lmudalia\my-dogbreed-app\src\dog.service.js
FN:3,getAllBreeds
FN:7,getDogImage
FN:13,getSubDogImage
FN:18,getRandomDogImage
FN:22,getSubList
FNF:5
FNH:5
FNDA:1,getAllBreeds
FNDA:1,getDogImage
FNDA:1,getSubDogImage
FNDA:1,getRandomDogImage
FNDA:1,getSubList
DA:4,1
DA:8,1
DA:14,1
DA:19,1
DA:23,1
LF:5
LH:5
BRF:0
BRH:0
end_of_record
TN:
SF:C:\Users\lmudalia\my-dogbreed-app\src\components\PageNotFound.vue
FN:11,(anonymous_1)
FNF:1
FNH:1
FNDA:2,(anonymous_1)
DA:12,2
LF:1
LH:1
BRF:0
BRH:0
end_of_record
TN:
SF:C:\Users\lmudalia\my-dogbreed-app\src\components\Search.vue
FN:59,(anonymous_1)
FN:69,(anonymous_2)
FN:81,(anonymous_3)
FN:92,(anonymous_4)
FNF:4
FNH:4
FNDA:7,(anonymous_1)
FNDA:7,(anonymous_2)
FNDA:5,(anonymous_3)
FNDA:2,(anonymous_4)
DA:54,2
DA:60,7
DA:71,7
DA:82,5
DA:83,4
DA:85,1
DA:94,2
DA:103,1
DA:113,1
LF:9
LH:9
BRDA:82,0,0,4
BRDA:82,0,1,1
BRDA:94,1,0,1
BRDA:94,1,1,1
BRDA:94,2,0,2
BRDA:94,2,1,2
BRDA:94,2,2,1
BRF:7
BRH:7
end_of_record
TN:
SF:C:\Users\lmudalia\my-dogbreed-app\src\router\index.js
FNF:0
FNH:0
DA:6,1
DA:8,1
DA:32,1
LF:3
LH:3
BRF:0
BRH:0
end_of_record
TN:
SF:C:\Users\lmudalia\my-dogbreed-app\src\store\index.js
FN:15,(anonymous_0)
FN:19,(anonymous_1)
FN:23,(anonymous_2)
FN:27,(anonymous_3)
FN:32,(anonymous_4)
FN:38,(anonymous_5)
FN:44,(anonymous_6)
FN:53,(anonymous_7)
FN:70,(anonymous_8)
FN:71,(anonymous_9)
FN:72,(anonymous_10)
FNF:11
FNH:11
FNDA:1,(anonymous_0)
FNDA:1,(anonymous_1)
FNDA:1,(anonymous_2)
FNDA:1,(anonymous_3)
FNDA:1,(anonymous_4)
FNDA:1,(anonymous_5)
FNDA:1,(anonymous_6)
FNDA:1,(anonymous_7)
FNDA:1,(anonymous_8)
FNDA:1,(anonymous_9)
FNDA:1,(anonymous_10)
DA:9,2
DA:14,2
DA:16,1
DA:20,1
DA:24,1
DA:28,1
DA:31,2
DA:33,1
DA:34,1
DA:35,1
DA:39,1
DA:40,1
DA:41,1
DA:45,1
DA:50,1
DA:51,1
DA:54,1
DA:55,1
DA:56,1
DA:69,2
DA:70,1
DA:71,1
DA:72,1
LF:23
LH:23
BRF:0
BRH:0
end_of_record
TN:
SF:C:\Users\lmudalia\my-dogbreed-app\src\views\DogImages.vue
FN:17,(anonymous_1)
FNF:1
FNH:1
FNDA:1,(anonymous_1)
DA:18,1
LF:1
LH:1
BRF:0
BRH:0
end_of_record
TN:
SF:C:\Users\lmudalia\my-dogbreed-app\src\views\Home.vue
FN:48,(anonymous_1)
FN:61,(anonymous_2)
FN:75,(anonymous_3)
FN:89,(anonymous_4)
FN:107,(anonymous_5)
FNF:5
FNH:4
FNDA:13,(anonymous_1)
FNDA:13,(anonymous_2)
FNDA:2,(anonymous_3)
FNDA:2,(anonymous_4)
FNDA:0,(anonymous_5)
DA:40,2
DA:41,2
DA:49,13
DA:63,13
DA:77,2
DA:78,2
DA:79,2
DA:80,2
DA:81,1
DA:82,1
DA:84,1
DA:85,1
DA:86,1
DA:90,2
DA:91,1
DA:95,1
DA:96,1
DA:97,1
DA:102,1
DA:104,0
DA:108,0
DA:109,0
LF:22
LH:19
BRDA:80,0,0,1
BRDA:80,0,1,1
BRDA:90,1,0,1
BRDA:90,1,1,1
BRDA:90,2,0,2
BRDA:90,2,1,2
BRDA:96,3,0,1
BRDA:96,3,1,0
BRDA:96,4,0,1
BRDA:96,4,1,1
BRF:10
BRH:9
end_of_record
TN:
SF:C:\Users\lmudalia\my-dogbreed-app\tests\unit\testing_data.js
FNF:0
FNH:0
DA:1,3
DA:10,3
DA:23,3
DA:31,3
DA:33,3
DA:40,3
LF:6
LH:6
BRF:0
BRH:0
end_of_record
